<?xml version="1.0" encoding="UTF-8"?>
<!-- Generated by org.testng.reporters.JUnitXMLReporter -->
<testsuite ignored="0" hostname="GT0303" failures="0" tests="3" name="Default test" time="68.254" errors="0" timestamp="2024-09-25T12:56:35 IST">
  <testcase classname="Practo.PractoTestng" name="verifyListOfAllDoctors" time="20.103"/>
  <testcase classname="Practo.PractoTestng" name="verifyDoctor_name_date_time" time="27.67"/>
  <testcase classname="Practo.PractoTestng" name="filter" time="20.428"/>
</testsuite> <!-- Default test -->
