<?xml version="1.0" encoding="UTF-8"?>
<!-- Generated by org.testng.reporters.JUnitXMLReporter -->
<testsuite ignored="0" hostname="GT0303" failures="0" tests="3" name="Default test" time="81.716" errors="0" timestamp="2024-09-27T12:45:22 IST">
  <testcase classname="Practo.PractoTestng" name="verifyListOfAllDoctors" time="24.41"/>
  <testcase classname="Practo.PractoTestng" name="verifyDoctorNameDateTime" time="30.22"/>
  <testcase classname="Practo.PractoTestng" name="verifyFilteredConsulatationFee" time="27.013"/>
</testsuite> <!-- Default test -->
