<?xml version="1.0" encoding="UTF-8"?>
<testng-results ignored="0" total="3" passed="3" failed="0" skipped="0">
  <reporter-output>
  </reporter-output>
  <suite started-at="2024-09-30T15:06:00 IST" name="Practo_suite" finished-at="2024-09-30T15:07:10 IST" duration-ms="69518">
    <groups>
    </groups>
    <test started-at="2024-09-30T15:06:00 IST" name="Practo_test" finished-at="2024-09-30T15:07:10 IST" duration-ms="69518">
      <class name="Practo.PractoTestng">
        <test-method is-config="true" signature="setupReport()[pri:0, instance:Practo.PractoTestng@7bf3a5d8]" started-at="2024-09-30T15:06:00 IST" name="setupReport" finished-at="2024-09-30T15:06:00 IST" duration-ms="254" status="PASS">
          <reporter-output>
          </reporter-output>
        </test-method> <!-- setupReport -->
        <test-method signature="verifyListOfAllDoctors()[pri:1, instance:Practo.PractoTestng@7bf3a5d8]" started-at="2024-09-30T15:06:00 IST" name="verifyListOfAllDoctors" finished-at="2024-09-30T15:06:21 IST" duration-ms="21007" status="PASS">
          <reporter-output>
          </reporter-output>
        </test-method> <!-- verifyListOfAllDoctors -->
        <test-method signature="verifyDoctorNameDateTime()[pri:2, instance:Practo.PractoTestng@7bf3a5d8]" started-at="2024-09-30T15:06:21 IST" name="verifyDoctorNameDateTime" finished-at="2024-09-30T15:06:49 IST" duration-ms="27093" status="PASS">
          <reporter-output>
          </reporter-output>
        </test-method> <!-- verifyDoctorNameDateTime -->
        <test-method signature="verifyFilteredConsulatationFee()[pri:3, instance:Practo.PractoTestng@7bf3a5d8]" started-at="2024-09-30T15:06:49 IST" name="verifyFilteredConsulatationFee" finished-at="2024-09-30T15:07:10 IST" duration-ms="21375" status="PASS">
          <reporter-output>
          </reporter-output>
        </test-method> <!-- verifyFilteredConsulatationFee -->
        <test-method is-config="true" signature="flushReports()[pri:0, instance:Practo.PractoTestng@7bf3a5d8]" started-at="2024-09-30T15:07:10 IST" name="flushReports" finished-at="2024-09-30T15:07:11 IST" duration-ms="573" status="PASS">
          <reporter-output>
          </reporter-output>
        </test-method> <!-- flushReports -->
      </class> <!-- Practo.PractoTestng -->
    </test> <!-- Practo_test -->
  </suite> <!-- Practo_suite -->
</testng-results>
