<?xml version="1.0" encoding="UTF-8"?>
<!-- Generated by org.testng.reporters.JUnitXMLReporter -->
<testsuite ignored="0" hostname="GT0303" failures="0" tests="3" name="Practo_test" time="69.518" errors="0" timestamp="2024-09-30T15:07:10 IST">
  <testcase classname="Practo.PractoTestng" name="verifyListOfAllDoctors" time="21.007"/>
  <testcase classname="Practo.PractoTestng" name="verifyDoctorNameDateTime" time="27.093"/>
  <testcase classname="Practo.PractoTestng" name="verifyFilteredConsulatationFee" time="21.375"/>
</testsuite> <!-- Practo_test -->
